<?xml version="1.0" encoding="UTF-8"?>
<!-- Generated by org.testng.reporters.JUnitReportReporter -->
<testsuite skipped="0" hostname="DESKTOP-RVG9CG3" name="entregaFinal.SignUpFormTest" tests="1" failures="0" timestamp="23 jul 2019 19:42:43 GMT" time="3.843" errors="0">
  <testcase name="signUp" time="3.843" classname="entregaFinal.SignUpFormTest"/>
</testsuite> <!-- entregaFinal.SignUpFormTest -->
