<?xml version="1.0" encoding="UTF-8"?>
<!-- Generated by org.testng.reporters.JUnitReportReporter -->
<testsuite skipped="0" hostname="DESKTOP-RVG9CG3" name="Testing.SignUpFormTest" tests="1" failures="0" timestamp="22 jul 2019 14:39:39 GMT" time="1.514" errors="0">
  <testcase name="signUp" time="1.514" classname="Testing.SignUpFormTest"/>
</testsuite> <!-- Testing.SignUpFormTest -->
