<?xml version="1.0" encoding="UTF-8"?>
<!-- Generated by org.testng.reporters.JUnitReportReporter -->
<testsuite skipped="0" hostname="DESKTOP-RVG9CG3" name="entregaFinal.SearchProductFormTest" tests="1" failures="0" timestamp="24 jul 2019 16:37:24 GMT" time="9.624" errors="0">
  <testcase name="searchProduct" time="9.624" classname="entregaFinal.SearchProductFormTest"/>
</testsuite> <!-- entregaFinal.SearchProductFormTest -->
