<?xml version="1.0" encoding="UTF-8"?>
<!-- Generated by org.testng.reporters.JUnitReportReporter -->
<testsuite skipped="0" hostname="DESKTOP-RVG9CG3" name="entregaFinal.EditAccountFormTest" tests="1" failures="0" timestamp="23 jul 2019 21:22:59 GMT" time="6.817" errors="0">
  <testcase name="editAccount" time="6.817" classname="entregaFinal.EditAccountFormTest"/>
</testsuite> <!-- entregaFinal.EditAccountFormTest -->
