<?xml version="1.0" encoding="UTF-8"?>
<!-- Generated by org.testng.reporters.JUnitReportReporter -->
<testsuite skipped="0" hostname="DESKTOP-RVG9CG3" name="TestForm.RegisterOrderFormTest" tests="1" failures="0" timestamp="05 ago 2019 19:20:00 GMT" time="15.201" errors="0">
  <testcase name="RegisterOrder" time="15.201" classname="TestForm.RegisterOrderFormTest"/>
</testsuite> <!-- TestForm.RegisterOrderFormTest -->
