<?xml version="1.0" encoding="UTF-8"?>
<!-- Generated by org.testng.reporters.JUnitReportReporter -->
<testsuite skipped="0" hostname="DESKTOP-RVG9CG3" name="variosTest.LogintestTest" tests="1" failures="0" timestamp="22 jul 2019 18:35:10 GMT" time="1.609" errors="0">
  <testcase name="logintest" time="1.609" classname="variosTest.LogintestTest"/>
</testsuite> <!-- variosTest.LogintestTest -->
