<?xml version="1.0" encoding="UTF-8"?>
<!-- Generated by org.testng.reporters.JUnitReportReporter -->
<testsuite skipped="0" hostname="DESKTOP-RVG9CG3" name="entregaFinal.DataDriveFormTest" tests="1" failures="0" timestamp="30 jul 2019 14:27:53 GMT" time="75.941" errors="0">
  <testcase name="DataDriveOrder" time="75.941" classname="entregaFinal.DataDriveFormTest"/>
</testsuite> <!-- entregaFinal.DataDriveFormTest -->
