<?xml version="1.0" encoding="UTF-8"?>
<!-- Generated by org.testng.reporters.JUnitReportReporter -->
<testsuite skipped="0" hostname="DESKTOP-RVG9CG3" name="entregaFinal.RegisterOrderFormTest" tests="1" failures="0" timestamp="29 jul 2019 20:03:16 GMT" time="15.318" errors="0">
  <testcase name="RegisterOrder" time="15.318" classname="entregaFinal.RegisterOrderFormTest"/>
</testsuite> <!-- entregaFinal.RegisterOrderFormTest -->
